Emulation Parameters:
    number to arrive = 10
    r = 1.5
    B = 3
    P = 3
    tsfile = w2data/f0.txt

00000000.000ms: emulation begins
00000231.526ms: p1 arrives, needs 3 tokens, inter-arrival time = 231.526ms
00000231.526ms: p1 enters Q1
00000668.688ms: token t1 arrives, token bucket now has 1 token
00001339.533ms: token t2 arrives, token bucket now has 2 tokens
00002010.398ms: token t3 arrives, token bucket now has 3 tokens
00002010.409ms: p1 leaves Q1, time in Q1 = 1778.883ms, token bucket now has 0 token
00002010.418ms: p1 enters Q2
00002011.305ms: p1 leaves Q2, time in Q2 = 0.887ms
00002011.313ms: p1 begins service at S2, requesting 153ms of service
00002168.881ms: p1 departs from S2, service time = 157.568ms, time in system = 1937.355ms
00002423.764ms: p2 arrives, needs 1 tokens, inter-arrival time = 2192.238ms
00002423.764ms: p2 enters Q1
00002681.739ms: token t4 arrives, token bucket now has 1 token
00002681.755ms: p2 leaves Q1, time in Q1 = 257.991ms, token bucket now has 0 token
00002681.764ms: p2 enters Q2
00002682.220ms: p2 leaves Q2, time in Q2 = 0.456ms
00002682.223ms: p2 begins service at S2, requesting 3741ms of service
00003351.214ms: token t5 arrives, token bucket now has 1 token
00004022.929ms: token t6 arrives, token bucket now has 2 tokens
00004694.619ms: token t7 arrives, token bucket now has 3 tokens
00004778.811ms: p3 arrives, needs 2 tokens, inter-arrival time = 2355.047ms
00004778.811ms: p3 enters Q1
00005366.327ms: token t8 arrives, dropped
00005366.343ms: p3 leaves Q1, time in Q1 = 587.532ms, token bucket now has 1 token
00005366.352ms: p3 enters Q2
00005367.603ms: p3 leaves Q2, time in Q2 = 1.251ms
00005367.608ms: p3 begins service at S1, requesting 228ms of service
00005596.524ms: p3 departs from S1, service time = 228.916ms, time in system = 817.713ms
00006033.806ms: token t9 arrives, token bucket now has 2 tokens
00006424.496ms: p2 departs from S2, service time = 3742.273ms, time in system = 4000.732ms
00006433.229ms: p4 arrives, needs 4 tokens, inter-arrival time = 1654.42ms, dropped
00006704.239ms: token t10 arrives, token bucket now has 3 tokens
00007371.796ms: token t11 arrives, dropped
00008038.833ms: token t12 arrives, dropped
00008188.657ms: p5 arrives, needs 6 tokens, inter-arrival time = 1755.43ms, dropped
00008303.868ms: p6 arrives, needs 7 tokens, inter-arrival time = 115.211ms, dropped
00008707.783ms: token t13 arrives, dropped
00009377.523ms: token t14 arrives, dropped
00009824.905ms: p7 arrives, needs 1 tokens, inter-arrival time = 1521.037ms
00009824.905ms: p7 enters Q1
00010048.590ms: token t15 arrives, dropped
00010048.604ms: p7 leaves Q1, time in Q1 = 223.699ms, token bucket now has 2 tokens
00010048.619ms: p7 enters Q2
00010049.839ms: p7 leaves Q2, time in Q2 = 1.220ms
00010049.846ms: p7 begins service at S2, requesting 5437ms of service
00010720.305ms: token t16 arrives, token bucket now has 3 tokens
00011388.813ms: token t17 arrives, dropped
00012055.896ms: token t18 arrives, dropped
00012727.618ms: token t19 arrives, dropped
00013394.326ms: token t20 arrives, dropped
00014066.012ms: token t21 arrives, dropped
00014733.692ms: token t22 arrives, dropped
00015405.396ms: token t23 arrives, dropped
00015488.147ms: p7 departs from S2, service time = 5438.301ms, time in system = 5663.242ms
00016076.839ms: token t24 arrives, dropped
00016745.534ms: token t25 arrives, dropped
00017414.662ms: token t26 arrives, dropped
00018061.749ms: p8 arrives, needs 2 tokens, inter-arrival time = 8236.844ms
00018061.749ms: p8 enters Q1
00018085.806ms: token t27 arrives, dropped
00018085.814ms: p8 leaves Q1, time in Q1 = 24.065ms, token bucket now has 1 token
00018085.822ms: p8 enters Q2
00018086.627ms: p8 leaves Q2, time in Q2 = 0.805ms
00018086.634ms: p8 begins service at S1, requesting 8007ms of service
00018754.782ms: token t28 arrives, token bucket now has 2 tokens
00019040.311ms: p9 arrives, needs 4 tokens, inter-arrival time = 978.562ms, dropped
00019426.481ms: token t29 arrives, token bucket now has 3 tokens
00020095.231ms: token t30 arrives, dropped
00020764.853ms: token t31 arrives, dropped
00021432.184ms: token t32 arrives, dropped
00022103.880ms: token t33 arrives, dropped
00022775.606ms: token t34 arrives, dropped
00023445.921ms: token t35 arrives, dropped
00024116.916ms: token t36 arrives, dropped
00024788.602ms: token t37 arrives, dropped
00025007.901ms: p10 arrives, needs 3 tokens, inter-arrival time = 5967.590ms
00025007.901ms: p10 enters Q1
00025456.832ms: token t38 arrives, dropped
00025456.846ms: p10 leaves Q1, time in Q1 = 448.945ms, token bucket now has 0 token
00025456.856ms: p10 enters Q2
00025457.190ms: p10 leaves Q2, time in Q2 = 0.334ms
00025457.195ms: p10 begins service at S2, requesting 1555ms of service
00026098.523ms: p8 departs from S1, service time = 8011.889ms, time in system = 8036.774ms
00027017.237ms: p10 departs from S2, service time = 1560.042ms, time in system = 2009.336ms
00027017.348ms: emulation ends

Statistics:

	average packet inter-arrival time = 2.50079
	average packet service time = 3.18983

	average number of packets in Q1 = 0.122925
	average number of packets in Q2 = 0.000183327
	average number of packets at S1 = 0.305019
	average number of packets at S2 = 0.403377

	average time a packet spent in system = 3.74419
	standard deviation for time spent in system = 2.48373

	token drop probability = 0.684211
	packet drop probability = 0.4
