Emulation Parameters:
    number to arrive = 100
    r = 5
    B = 2
    P = 3
    tsfile = w2data/f4.txt

00000000.000ms: emulation begins
00000200.853ms: token t1 arrives, token bucket now has 1 token
00000233.743ms: p1 arrives, needs 1 tokens, inter-arrival time = 233.743ms
00000233.743ms: p1 enters Q1
00000403.989ms: token t2 arrives, token bucket now has 2 tokens
00000404.006ms: p1 leaves Q1, time in Q1 = 170.263ms, token bucket now has 1 token
00000404.058ms: p1 enters Q2
00000404.750ms: p1 leaves Q2, time in Q2 = 0.692ms
00000404.779ms: p1 begins service at S1, requesting 541ms of service
00000548.460ms: p2 arrives, needs 1 tokens, inter-arrival time = 314.717ms
00000548.460ms: p2 enters Q1
00000609.079ms: token t3 arrives, token bucket now has 2 tokens
00000609.084ms: p2 leaves Q1, time in Q1 = 60.624ms, token bucket now has 1 token
00000609.088ms: p2 enters Q2
00000609.253ms: p2 leaves Q2, time in Q2 = 0.165ms
00000609.271ms: p2 begins service at S2, requesting 634ms of service
00000717.994ms: p3 arrives, needs 1 tokens, inter-arrival time = 169.534ms
00000717.994ms: p3 enters Q1
00000720.516ms: p4 arrives, needs 1 tokens, inter-arrival time = 2.522ms
00000720.516ms: p4 enters Q1
00000776.544ms: p5 arrives, needs 1 tokens, inter-arrival time = 56.028ms
00000776.544ms: p5 enters Q1
00000779.123ms: p6 arrives, needs 1 tokens, inter-arrival time = 2.579ms
00000779.123ms: p6 enters Q1
00000814.106ms: token t4 arrives, token bucket now has 2 tokens
00000814.115ms: p3 leaves Q1, time in Q1 = 96.121ms, token bucket now has 1 token
00000814.119ms: p3 enters Q2
00000814.120ms: p4 leaves Q1, time in Q1 = 93.604ms, token bucket now has 0 token
00000814.124ms: p4 enters Q2
00000946.887ms: p1 departs from S1, service time = 542.108ms, time in system = 713.144ms
00000946.909ms: p3 leaves Q2, time in Q2 = 132.790ms
00000946.912ms: p3 begins service at S1, requesting 201ms of service
00001017.953ms: token t5 arrives, token bucket now has 1 token
00001017.955ms: p5 leaves Q1, time in Q1 = 241.411ms, token bucket now has 0 token
00001017.957ms: p5 enters Q2
00001150.207ms: p3 departs from S1, service time = 203.295ms, time in system = 432.213ms
00001150.230ms: p4 leaves Q2, time in Q2 = 336.106ms
00001150.231ms: p4 begins service at S1, requesting 199ms of service
00001222.530ms: token t6 arrives, token bucket now has 1 token
00001222.533ms: p6 leaves Q1, time in Q1 = 443.410ms, token bucket now has 0 token
00001222.535ms: p6 enters Q2
00001248.270ms: p2 departs from S2, service time = 638.999ms, time in system = 699.810ms
00001248.276ms: p5 leaves Q2, time in Q2 = 230.319ms
00001248.277ms: p5 begins service at S2, requesting 286ms of service
00001319.228ms: p7 arrives, needs 1 tokens, inter-arrival time = 540.105ms
00001319.228ms: p7 enters Q1
00001342.651ms: p8 arrives, needs 9 tokens, inter-arrival time = 23.423ms, dropped
00001354.258ms: p4 departs from S1, service time = 204.027ms, time in system = 633.742ms
00001354.290ms: p6 leaves Q2, time in Q2 = 131.755ms
00001354.293ms: p6 begins service at S1, requesting 441ms of service
00001427.546ms: token t7 arrives, token bucket now has 1 token
00001427.563ms: p7 leaves Q1, time in Q1 = 108.335ms, token bucket now has 0 token
00001427.568ms: p7 enters Q2
00001495.732ms: p9 arrives, needs 1 tokens, inter-arrival time = 153.081ms
00001495.732ms: p9 enters Q1
00001534.940ms: p5 departs from S2, service time = 286.663ms, time in system = 758.396ms
00001534.961ms: p7 leaves Q2, time in Q2 = 107.393ms
00001534.964ms: p7 begins service at S2, requesting 395ms of service
00001632.604ms: token t8 arrives, token bucket now has 1 token
00001632.617ms: p9 leaves Q1, time in Q1 = 136.885ms, token bucket now has 0 token
00001632.625ms: p9 enters Q2
00001799.501ms: p6 departs from S1, service time = 445.208ms, time in system = 1020.378ms
00001799.528ms: p9 leaves Q2, time in Q2 = 166.903ms
00001799.531ms: p9 begins service at S1, requesting 242ms of service
00001835.498ms: token t9 arrives, token bucket now has 1 token
00001931.903ms: p7 departs from S2, service time = 396.939ms, time in system = 612.675ms
00002036.864ms: token t10 arrives, token bucket now has 2 tokens
00002045.903ms: p9 departs from S1, service time = 246.372ms, time in system = 550.171ms
00002098.348ms: p10 arrives, needs 1 tokens, inter-arrival time = 602.616ms
00002098.348ms: p10 enters Q1
00002223.391ms: p11 arrives, needs 1 tokens, inter-arrival time = 125.043ms
00002223.391ms: p11 enters Q1
00002240.289ms: token t11 arrives, dropped
00002240.295ms: p10 leaves Q1, time in Q1 = 141.947ms, token bucket now has 1 token
00002240.307ms: p10 enters Q2
00002240.308ms: p11 leaves Q1, time in Q1 = 16.917ms, token bucket now has 0 token
00002240.311ms: p11 enters Q2
00002240.622ms: p10 leaves Q2, time in Q2 = 0.315ms
00002240.626ms: p10 begins service at S1, requesting 18ms of service
00002241.548ms: p11 leaves Q2, time in Q2 = 1.237ms
00002241.553ms: p11 begins service at S2, requesting 125ms of service
00002263.149ms: p10 departs from S1, service time = 22.523ms, time in system = 164.801ms
00002367.468ms: p11 departs from S2, service time = 125.915ms, time in system = 144.077ms
00002442.091ms: token t12 arrives, token bucket now has 1 token
00002475.803ms: p12 arrives, needs 1 tokens, inter-arrival time = 252.412ms
00002475.803ms: p12 enters Q1
00002646.394ms: token t13 arrives, token bucket now has 2 tokens
00002646.411ms: p12 leaves Q1, time in Q1 = 170.608ms, token bucket now has 1 token
00002646.420ms: p12 enters Q2
00002647.366ms: p12 leaves Q2, time in Q2 = 0.946ms
00002647.371ms: p12 begins service at S1, requesting 54ms of service
00002682.894ms: p13 arrives, needs 1 tokens, inter-arrival time = 207.091ms
00002682.894ms: p13 enters Q1
00002704.262ms: p12 departs from S1, service time = 56.891ms, time in system = 228.459ms
00002846.664ms: token t14 arrives, token bucket now has 2 tokens
00002846.683ms: p13 leaves Q1, time in Q1 = 163.789ms, token bucket now has 1 token
00002846.693ms: p13 enters Q2
00002847.923ms: p13 leaves Q2, time in Q2 = 1.230ms
00002847.927ms: p13 begins service at S1, requesting 41ms of service
00002853.343ms: p14 arrives, needs 1 tokens, inter-arrival time = 170.449ms
00002853.343ms: p14 enters Q1
00002893.964ms: p13 departs from S1, service time = 46.037ms, time in system = 211.070ms
00002915.511ms: p15 arrives, needs 9 tokens, inter-arrival time = 62.168ms, dropped
00003048.360ms: token t15 arrives, token bucket now has 2 tokens
00003048.376ms: p14 leaves Q1, time in Q1 = 195.033ms, token bucket now has 1 token
00003048.385ms: p14 enters Q2
00003048.647ms: p14 leaves Q2, time in Q2 = 0.262ms
00003048.653ms: p14 begins service at S2, requesting 605ms of service
00003074.594ms: p16 arrives, needs 1 tokens, inter-arrival time = 159.083ms
00003074.594ms: p16 enters Q1
00003249.892ms: token t16 arrives, token bucket now has 2 tokens
00003249.909ms: p16 leaves Q1, time in Q1 = 175.315ms, token bucket now has 1 token
00003249.916ms: p16 enters Q2
00003250.178ms: p16 leaves Q2, time in Q2 = 0.262ms
00003250.185ms: p16 begins service at S1, requesting 676ms of service
00003257.326ms: p17 arrives, needs 1 tokens, inter-arrival time = 182.732ms
00003257.326ms: p17 enters Q1
00003330.390ms: p18 arrives, needs 1 tokens, inter-arrival time = 73.064ms
00003330.390ms: p18 enters Q1
00003454.645ms: token t17 arrives, token bucket now has 2 tokens
00003454.663ms: p17 leaves Q1, time in Q1 = 197.337ms, token bucket now has 1 token
00003454.671ms: p17 enters Q2
00003454.673ms: p18 leaves Q1, time in Q1 = 124.283ms, token bucket now has 0 token
00003454.677ms: p18 enters Q2
00003481.466ms: p19 arrives, needs 1 tokens, inter-arrival time = 151.076ms
00003481.466ms: p19 enters Q1
00003655.884ms: token t18 arrives, token bucket now has 1 token
00003655.897ms: p19 leaves Q1, time in Q1 = 174.431ms, token bucket now has 0 token
00003655.903ms: p19 enters Q2
00003658.673ms: p14 departs from S2, service time = 610.020ms, time in system = 805.330ms
00003658.683ms: p17 leaves Q2, time in Q2 = 204.012ms
00003658.685ms: p17 begins service at S2, requesting 501ms of service
00003720.859ms: p20 arrives, needs 1 tokens, inter-arrival time = 239.393ms
00003720.859ms: p20 enters Q1
00003723.585ms: p21 arrives, needs 9 tokens, inter-arrival time = 2.726ms, dropped
00003857.624ms: p22 arrives, needs 1 tokens, inter-arrival time = 134.039ms
00003857.624ms: p22 enters Q1
00003860.938ms: token t19 arrives, token bucket now has 1 token
00003860.943ms: p20 leaves Q1, time in Q1 = 140.084ms, token bucket now has 0 token
00003860.948ms: p20 enters Q2
00003931.311ms: p16 departs from S1, service time = 681.126ms, time in system = 856.717ms
00003931.329ms: p18 leaves Q2, time in Q2 = 476.652ms
00003931.332ms: p18 begins service at S1, requesting 231ms of service
00004065.832ms: token t20 arrives, token bucket now has 1 token
00004065.848ms: p22 leaves Q1, time in Q1 = 208.224ms, token bucket now has 0 token
00004065.858ms: p22 enters Q2
00004161.287ms: p17 departs from S2, service time = 502.602ms, time in system = 903.961ms
00004161.363ms: p19 leaves Q2, time in Q2 = 505.460ms
00004161.367ms: p19 begins service at S2, requesting 468ms of service
00004166.096ms: p18 departs from S1, service time = 234.764ms, time in system = 835.706ms
00004166.109ms: p20 leaves Q2, time in Q2 = 305.161ms
00004166.111ms: p20 begins service at S1, requesting 380ms of service
00004182.815ms: p23 arrives, needs 1 tokens, inter-arrival time = 325.191ms
00004182.815ms: p23 enters Q1
00004190.022ms: p24 arrives, needs 1 tokens, inter-arrival time = 7.207ms
00004190.022ms: p24 enters Q1
00004192.548ms: p25 arrives, needs 1 tokens, inter-arrival time = 2.526ms
00004192.548ms: p25 enters Q1
00004267.962ms: token t21 arrives, token bucket now has 1 token
00004267.979ms: p23 leaves Q1, time in Q1 = 85.164ms, token bucket now has 0 token
00004267.986ms: p23 enters Q2
00004417.592ms: p26 arrives, needs 1 tokens, inter-arrival time = 225.044ms
00004417.592ms: p26 enters Q1
00004472.352ms: token t22 arrives, token bucket now has 1 token
00004472.368ms: p24 leaves Q1, time in Q1 = 282.346ms, token bucket now has 0 token
00004472.377ms: p24 enters Q2
00004548.945ms: p20 departs from S1, service time = 382.834ms, time in system = 828.086ms
00004548.974ms: p22 leaves Q2, time in Q2 = 483.116ms
00004548.977ms: p22 begins service at S1, requesting 146ms of service
00004634.399ms: p19 departs from S2, service time = 473.032ms, time in system = 1152.933ms
00004634.425ms: p23 leaves Q2, time in Q2 = 366.439ms
00004634.428ms: p23 begins service at S2, requesting 1048ms of service
00004673.663ms: p27 arrives, needs 1 tokens, inter-arrival time = 256.071ms
00004673.663ms: p27 enters Q1
00004674.789ms: token t23 arrives, token bucket now has 1 token
00004674.793ms: p25 leaves Q1, time in Q1 = 482.245ms, token bucket now has 0 token
00004674.797ms: p25 enters Q2
00004700.035ms: p22 departs from S1, service time = 151.058ms, time in system = 842.411ms
00004700.051ms: p24 leaves Q2, time in Q2 = 227.674ms
00004700.053ms: p24 begins service at S1, requesting 440ms of service
00004866.897ms: p28 arrives, needs 1 tokens, inter-arrival time = 193.234ms
00004866.897ms: p28 enters Q1
00004879.831ms: token t24 arrives, token bucket now has 1 token
00004879.846ms: p26 leaves Q1, time in Q1 = 462.254ms, token bucket now has 0 token
00004879.856ms: p26 enters Q2
00004911.965ms: p29 arrives, needs 9 tokens, inter-arrival time = 45.068ms, dropped
00004974.609ms: p30 arrives, needs 1 tokens, inter-arrival time = 62.644ms
00004974.609ms: p30 enters Q1
00005083.728ms: token t25 arrives, token bucket now has 1 token
00005083.742ms: p27 leaves Q1, time in Q1 = 410.079ms, token bucket now has 0 token
00005083.747ms: p27 enters Q2
00005141.812ms: p24 departs from S1, service time = 441.759ms, time in system = 951.790ms
00005141.828ms: p25 leaves Q2, time in Q2 = 467.031ms
00005141.831ms: p25 begins service at S1, requesting 420ms of service
00005285.558ms: token t26 arrives, token bucket now has 1 token
00005285.582ms: p28 leaves Q1, time in Q1 = 418.685ms, token bucket now has 0 token
00005285.589ms: p28 enters Q2
00005349.572ms: p31 arrives, needs 1 tokens, inter-arrival time = 374.963ms
00005349.572ms: p31 enters Q1
00005490.627ms: token t27 arrives, token bucket now has 1 token
00005490.807ms: p30 leaves Q1, time in Q1 = 516.198ms, token bucket now has 0 token
00005490.818ms: p30 enters Q2
00005563.062ms: p25 departs from S1, service time = 421.231ms, time in system = 1370.514ms
00005563.093ms: p26 leaves Q2, time in Q2 = 683.237ms
00005563.096ms: p26 begins service at S1, requesting 125ms of service
00005625.681ms: p32 arrives, needs 1 tokens, inter-arrival time = 276.109ms
00005625.681ms: p32 enters Q1
00005683.443ms: p23 departs from S2, service time = 1049.015ms, time in system = 1500.628ms
00005683.476ms: p27 leaves Q2, time in Q2 = 599.729ms
00005683.479ms: p27 begins service at S2, requesting 781ms of service
00005690.584ms: p26 departs from S1, service time = 127.488ms, time in system = 1272.992ms
00005690.594ms: p28 leaves Q2, time in Q2 = 405.005ms
00005690.597ms: p28 begins service at S1, requesting 32ms of service
00005695.877ms: token t28 arrives, token bucket now has 1 token
00005695.882ms: p31 leaves Q1, time in Q1 = 346.310ms, token bucket now has 0 token
00005695.887ms: p31 enters Q2
00005727.070ms: p28 departs from S1, service time = 36.473ms, time in system = 860.173ms
00005727.092ms: p30 leaves Q2, time in Q2 = 236.274ms
00005727.095ms: p30 begins service at S1, requesting 397ms of service
00005900.933ms: token t29 arrives, token bucket now has 1 token
00005900.952ms: p32 leaves Q1, time in Q1 = 275.271ms, token bucket now has 0 token
00005900.960ms: p32 enters Q2
00006087.139ms: p33 arrives, needs 1 tokens, inter-arrival time = 461.458ms
00006087.139ms: p33 enters Q1
00006105.341ms: token t30 arrives, token bucket now has 1 token
00006105.343ms: p33 leaves Q1, time in Q1 = 18.204ms, token bucket now has 0 token
00006105.344ms: p33 enters Q2
00006127.044ms: p34 arrives, needs 1 tokens, inter-arrival time = 39.905ms
00006127.044ms: p34 enters Q1
00006128.994ms: p30 departs from S1, service time = 401.899ms, time in system = 1154.385ms
00006129.000ms: p31 leaves Q2, time in Q2 = 433.113ms
00006129.001ms: p31 begins service at S1, requesting 40ms of service
00006170.486ms: p31 departs from S1, service time = 41.485ms, time in system = 820.914ms
00006170.508ms: p32 leaves Q2, time in Q2 = 269.548ms
00006170.511ms: p32 begins service at S1, requesting 436ms of service
00006255.084ms: p35 arrives, needs 9 tokens, inter-arrival time = 128.04ms, dropped
00006305.713ms: token t31 arrives, token bucket now has 1 token
00006305.728ms: p34 leaves Q1, time in Q1 = 178.684ms, token bucket now has 0 token
00006305.736ms: p34 enters Q2
00006468.836ms: p27 departs from S2, service time = 785.357ms, time in system = 1795.173ms
00006468.863ms: p33 leaves Q2, time in Q2 = 363.519ms
00006468.866ms: p33 begins service at S2, requesting 47ms of service
00006509.873ms: token t32 arrives, token bucket now has 1 token
00006519.129ms: p33 departs from S2, service time = 50.263ms, time in system = 431.990ms
00006519.146ms: p34 leaves Q2, time in Q2 = 213.410ms
00006519.149ms: p34 begins service at S2, requesting 529ms of service
00006610.203ms: p32 departs from S1, service time = 439.692ms, time in system = 984.522ms
00006701.945ms: p36 arrives, needs 1 tokens, inter-arrival time = 446.861ms
00006701.945ms: p36 enters Q1
00006713.051ms: token t33 arrives, token bucket now has 2 tokens
00006713.064ms: p36 leaves Q1, time in Q1 = 11.119ms, token bucket now has 1 token
00006713.073ms: p36 enters Q2
00006713.361ms: p36 leaves Q2, time in Q2 = 0.288ms
00006713.369ms: p36 begins service at S1, requesting 74ms of service
00006788.851ms: p36 departs from S1, service time = 75.482ms, time in system = 86.906ms
00006825.750ms: p37 arrives, needs 1 tokens, inter-arrival time = 123.805ms
00006825.750ms: p37 enters Q1
00006844.348ms: p38 arrives, needs 1 tokens, inter-arrival time = 18.598ms
00006844.348ms: p38 enters Q1
00006913.812ms: token t34 arrives, token bucket now has 2 tokens
00006913.826ms: p37 leaves Q1, time in Q1 = 88.076ms, token bucket now has 1 token
00006913.835ms: p37 enters Q2
00006913.836ms: p38 leaves Q1, time in Q1 = 69.488ms, token bucket now has 0 token
00006914.030ms: p38 enters Q2
00006914.634ms: p39 arrives, needs 1 tokens, inter-arrival time = 70.286ms
00006914.634ms: p39 enters Q1
00006915.068ms: p37 leaves Q2, time in Q2 = 1.233ms
00006915.075ms: p37 begins service at S1, requesting 253ms of service
00007052.276ms: p34 departs from S2, service time = 533.127ms, time in system = 925.232ms
00007052.299ms: p38 leaves Q2, time in Q2 = 138.269ms
00007052.301ms: p38 begins service at S2, requesting 44ms of service
00007098.298ms: p38 departs from S2, service time = 45.997ms, time in system = 253.950ms
00007116.024ms: token t35 arrives, token bucket now has 1 token
00007116.031ms: p39 leaves Q1, time in Q1 = 201.397ms, token bucket now has 0 token
00007116.038ms: p39 enters Q2
00007117.283ms: p39 leaves Q2, time in Q2 = 1.245ms
00007117.288ms: p39 begins service at S2, requesting 157ms of service
00007170.455ms: p37 departs from S1, service time = 255.380ms, time in system = 344.705ms
00007261.536ms: p40 arrives, needs 1 tokens, inter-arrival time = 346.902ms
00007261.536ms: p40 enters Q1
00007275.507ms: p39 departs from S2, service time = 158.219ms, time in system = 360.873ms
00007318.179ms: token t36 arrives, token bucket now has 1 token
00007318.198ms: p40 leaves Q1, time in Q1 = 56.662ms, token bucket now has 0 token
00007318.208ms: p40 enters Q2
00007319.423ms: p40 leaves Q2, time in Q2 = 1.215ms
00007319.428ms: p40 begins service at S2, requesting 470ms of service
00007353.568ms: p41 arrives, needs 9 tokens, inter-arrival time = 92.032ms, dropped
00007376.124ms: p42 arrives, needs 1 tokens, inter-arrival time = 22.556ms
00007376.124ms: p42 enters Q1
00007519.093ms: token t37 arrives, token bucket now has 1 token
00007519.104ms: p42 leaves Q1, time in Q1 = 142.980ms, token bucket now has 0 token
00007519.110ms: p42 enters Q2
00007520.110ms: p42 leaves Q2, time in Q2 = 1.000ms
00007520.113ms: p42 begins service at S1, requesting 1703ms of service
00007540.656ms: p43 arrives, needs 1 tokens, inter-arrival time = 164.532ms
00007540.656ms: p43 enters Q1
00007682.720ms: p44 arrives, needs 1 tokens, inter-arrival time = 142.064ms
00007682.720ms: p44 enters Q1
00007724.151ms: token t38 arrives, token bucket now has 1 token
00007724.167ms: p43 leaves Q1, time in Q1 = 183.511ms, token bucket now has 0 token
00007724.175ms: p43 enters Q2
00007794.545ms: p40 departs from S2, service time = 475.117ms, time in system = 533.009ms
00007794.570ms: p43 leaves Q2, time in Q2 = 70.395ms
00007794.574ms: p43 begins service at S2, requesting 322ms of service
00007838.787ms: p45 arrives, needs 1 tokens, inter-arrival time = 156.067ms
00007838.787ms: p45 enters Q1
00007883.700ms: p46 arrives, needs 1 tokens, inter-arrival time = 44.913ms
00007883.700ms: p46 enters Q1
00007929.207ms: token t39 arrives, token bucket now has 1 token
00007929.222ms: p44 leaves Q1, time in Q1 = 246.502ms, token bucket now has 0 token
00007929.232ms: p44 enters Q2
00008003.778ms: p47 arrives, needs 9 tokens, inter-arrival time = 120.078ms, dropped
00008121.596ms: p43 departs from S2, service time = 327.022ms, time in system = 580.940ms
00008121.614ms: p44 leaves Q2, time in Q2 = 192.382ms
00008121.616ms: p44 begins service at S2, requesting 350ms of service
00008129.721ms: token t40 arrives, token bucket now has 1 token
00008129.730ms: p45 leaves Q1, time in Q1 = 290.943ms, token bucket now has 0 token
00008129.737ms: p45 enters Q2
00008139.102ms: p48 arrives, needs 1 tokens, inter-arrival time = 135.324ms
00008139.102ms: p48 enters Q1
00008239.098ms: p49 arrives, needs 1 tokens, inter-arrival time = 99.996ms
00008239.098ms: p49 enters Q1
00008334.789ms: token t41 arrives, token bucket now has 1 token
00008334.811ms: p46 leaves Q1, time in Q1 = 451.111ms, token bucket now has 0 token
00008334.820ms: p46 enters Q2
00008472.699ms: p44 departs from S2, service time = 351.083ms, time in system = 789.979ms
00008472.715ms: p45 leaves Q2, time in Q2 = 342.978ms
00008472.717ms: p45 begins service at S2, requesting 6ms of service
00008480.276ms: p45 departs from S2, service time = 7.559ms, time in system = 641.489ms
00008480.286ms: p46 leaves Q2, time in Q2 = 145.466ms
00008480.428ms: p46 begins service at S2, requesting 181ms of service
00008527.715ms: p50 arrives, needs 1 tokens, inter-arrival time = 288.617ms
00008527.715ms: p50 enters Q1
00008539.854ms: token t42 arrives, token bucket now has 1 token
00008539.867ms: p48 leaves Q1, time in Q1 = 400.765ms, token bucket now has 0 token
00008539.876ms: p48 enters Q2
00008666.454ms: p46 departs from S2, service time = 186.026ms, time in system = 782.754ms
00008666.473ms: p48 leaves Q2, time in Q2 = 126.597ms
00008666.476ms: p48 begins service at S2, requesting 80ms of service
00008744.219ms: token t43 arrives, token bucket now has 1 token
00008744.284ms: p49 leaves Q1, time in Q1 = 505.186ms, token bucket now has 0 token
00008744.293ms: p49 enters Q2
00008750.407ms: p48 departs from S2, service time = 83.931ms, time in system = 611.305ms
00008750.425ms: p49 leaves Q2, time in Q2 = 6.132ms
00008750.427ms: p49 begins service at S2, requesting 147ms of service
00008793.436ms: p51 arrives, needs 1 tokens, inter-arrival time = 265.721ms
00008793.436ms: p51 enters Q1
00008848.507ms: p52 arrives, needs 1 tokens, inter-arrival time = 55.071ms
00008848.507ms: p52 enters Q1
00008901.165ms: p49 departs from S2, service time = 150.738ms, time in system = 662.067ms
00008945.493ms: token t44 arrives, token bucket now has 1 token
00008945.514ms: p50 leaves Q1, time in Q1 = 417.799ms, token bucket now has 0 token
00008945.526ms: p50 enters Q2
00008946.760ms: p50 leaves Q2, time in Q2 = 1.234ms
00008946.769ms: p50 begins service at S2, requesting 55ms of service
00008962.556ms: p53 arrives, needs 1 tokens, inter-arrival time = 114.049ms
00008962.556ms: p53 enters Q1
00009006.810ms: p50 departs from S2, service time = 60.041ms, time in system = 479.095ms
00009029.740ms: p54 arrives, needs 1 tokens, inter-arrival time = 67.184ms
00009029.740ms: p54 enters Q1
00009147.794ms: token t45 arrives, token bucket now has 1 token
00009147.813ms: p51 leaves Q1, time in Q1 = 354.377ms, token bucket now has 0 token
00009147.821ms: p51 enters Q2
00009148.520ms: p51 leaves Q2, time in Q2 = 0.699ms
00009148.525ms: p51 begins service at S2, requesting 148ms of service
00009228.107ms: p42 departs from S1, service time = 1707.994ms, time in system = 1851.983ms
00009300.909ms: p51 departs from S2, service time = 152.384ms, time in system = 507.473ms
00009351.761ms: token t46 arrives, token bucket now has 1 token
00009351.781ms: p52 leaves Q1, time in Q1 = 503.274ms, token bucket now has 0 token
00009351.790ms: p52 enters Q2
00009353.006ms: p52 leaves Q2, time in Q2 = 1.216ms
00009353.011ms: p52 begins service at S2, requesting 156ms of service
00009462.784ms: p55 arrives, needs 9 tokens, inter-arrival time = 433.044ms, dropped
00009492.345ms: p56 arrives, needs 1 tokens, inter-arrival time = 29.561ms
00009492.345ms: p56 enters Q1
00009510.807ms: p52 departs from S2, service time = 157.796ms, time in system = 662.300ms
00009554.943ms: token t47 arrives, token bucket now has 1 token
00009554.962ms: p53 leaves Q1, time in Q1 = 592.406ms, token bucket now has 0 token
00009554.971ms: p53 enters Q2
00009556.192ms: p53 leaves Q2, time in Q2 = 1.221ms
00009556.199ms: p53 begins service at S1, requesting 133ms of service
00009692.403ms: p53 departs from S1, service time = 136.204ms, time in system = 729.847ms
00009755.049ms: token t48 arrives, token bucket now has 1 token
00009755.069ms: p54 leaves Q1, time in Q1 = 725.329ms, token bucket now has 0 token
00009755.077ms: p54 enters Q2
00009755.526ms: p54 leaves Q2, time in Q2 = 0.449ms
00009755.531ms: p54 begins service at S2, requesting 19ms of service
00009776.677ms: p54 departs from S2, service time = 21.146ms, time in system = 746.937ms
00009874.975ms: p57 arrives, needs 1 tokens, inter-arrival time = 382.630ms
00009874.975ms: p57 enters Q1
00009958.912ms: token t49 arrives, token bucket now has 1 token
00009958.929ms: p56 leaves Q1, time in Q1 = 466.584ms, token bucket now has 0 token
00009958.937ms: p56 enters Q2
00009959.135ms: p56 leaves Q2, time in Q2 = 0.198ms
00009959.143ms: p56 begins service at S2, requesting 83ms of service
00010047.347ms: p56 departs from S2, service time = 88.204ms, time in system = 555.002ms
00010138.705ms: p58 arrives, needs 1 tokens, inter-arrival time = 263.730ms
00010138.705ms: p58 enters Q1
00010162.921ms: token t50 arrives, token bucket now has 1 token
00010162.933ms: p57 leaves Q1, time in Q1 = 287.958ms, token bucket now has 0 token
00010162.940ms: p57 enters Q2
00010163.926ms: p57 leaves Q2, time in Q2 = 0.986ms
00010163.932ms: p57 begins service at S2, requesting 264ms of service
00010364.139ms: token t51 arrives, token bucket now has 1 token
00010364.157ms: p58 leaves Q1, time in Q1 = 225.452ms, token bucket now has 0 token
00010364.165ms: p58 enters Q2
00010364.899ms: p58 leaves Q2, time in Q2 = 0.734ms
00010364.904ms: p58 begins service at S1, requesting 645ms of service
00010432.344ms: p57 departs from S2, service time = 268.412ms, time in system = 557.369ms
00010532.417ms: p59 arrives, needs 1 tokens, inter-arrival time = 393.712ms
00010532.417ms: p59 enters Q1
00010566.330ms: token t52 arrives, token bucket now has 1 token
00010566.349ms: p59 leaves Q1, time in Q1 = 33.932ms, token bucket now has 0 token
00010566.357ms: p59 enters Q2
00010566.491ms: p59 leaves Q2, time in Q2 = 0.134ms
00010566.497ms: p59 begins service at S2, requesting 138ms of service
00010566.501ms: p60 arrives, needs 1 tokens, inter-arrival time = 34.084ms
00010566.501ms: p60 enters Q1
00010709.547ms: p59 departs from S2, service time = 143.050ms, time in system = 177.130ms
00010767.121ms: token t53 arrives, token bucket now has 1 token
00010767.138ms: p60 leaves Q1, time in Q1 = 200.637ms, token bucket now has 0 token
00010767.143ms: p60 enters Q2
00010767.789ms: p60 leaves Q2, time in Q2 = 0.646ms
00010767.792ms: p60 begins service at S2, requesting 114ms of service
00010883.466ms: p60 departs from S2, service time = 115.674ms, time in system = 316.965ms
00010969.228ms: token t54 arrives, token bucket now has 1 token
00011012.160ms: p58 departs from S1, service time = 647.256ms, time in system = 873.455ms
00011171.161ms: token t55 arrives, token bucket now has 2 tokens
00011308.531ms: p61 arrives, needs 1 tokens, inter-arrival time = 742.030ms
00011308.531ms: p61 enters Q1
00011372.113ms: token t56 arrives, dropped
00011372.121ms: p61 leaves Q1, time in Q1 = 63.590ms, token bucket now has 1 token
00011372.126ms: p61 enters Q2
00011373.379ms: p61 leaves Q2, time in Q2 = 1.253ms
00011373.383ms: p61 begins service at S1, requesting 20ms of service
00011396.386ms: p61 departs from S1, service time = 23.003ms, time in system = 87.855ms
00011459.765ms: p62 arrives, needs 1 tokens, inter-arrival time = 151.234ms
00011459.765ms: p62 enters Q1
00011575.644ms: token t57 arrives, token bucket now has 2 tokens
00011575.658ms: p62 leaves Q1, time in Q1 = 115.893ms, token bucket now has 1 token
00011575.669ms: p62 enters Q2
00011576.899ms: p62 leaves Q2, time in Q2 = 1.230ms
00011576.904ms: p62 begins service at S2, requesting 611ms of service
00011712.345ms: p63 arrives, needs 1 tokens, inter-arrival time = 252.580ms
00011712.345ms: p63 enters Q1
00011779.430ms: token t58 arrives, token bucket now has 2 tokens
00011779.437ms: p63 leaves Q1, time in Q1 = 67.092ms, token bucket now has 1 token
00011779.441ms: p63 enters Q2
00011780.428ms: p63 leaves Q2, time in Q2 = 0.987ms
00011780.431ms: p63 begins service at S1, requesting 232ms of service
00011950.650ms: p64 arrives, needs 9 tokens, inter-arrival time = 238.305ms, dropped
00011979.871ms: token t59 arrives, token bucket now has 2 tokens
00011996.396ms: p65 arrives, needs 1 tokens, inter-arrival time = 45.746ms
00011996.396ms: p65 enters Q1
00012011.588ms: p66 arrives, needs 1 tokens, inter-arrival time = 15.192ms
00012011.588ms: p66 enters Q1
00012015.016ms: p63 departs from S1, service time = 234.585ms, time in system = 302.671ms
00012181.963ms: token t60 arrives, dropped
00012181.974ms: p65 leaves Q1, time in Q1 = 185.578ms, token bucket now has 1 token
00012181.981ms: p65 enters Q2
00012181.983ms: p66 leaves Q1, time in Q1 = 170.395ms, token bucket now has 0 token
00012182.200ms: p66 enters Q2
00012182.221ms: p65 leaves Q2, time in Q2 = 0.240ms
00012182.224ms: p65 begins service at S1, requesting 237ms of service
00012191.952ms: p62 departs from S2, service time = 615.048ms, time in system = 732.187ms
00012191.962ms: p66 leaves Q2, time in Q2 = 9.762ms
00012191.964ms: p66 begins service at S2, requesting 935ms of service
00012383.632ms: token t61 arrives, token bucket now has 1 token
00012420.410ms: p65 departs from S1, service time = 238.186ms, time in system = 424.014ms
00012570.624ms: p67 arrives, needs 1 tokens, inter-arrival time = 559.036ms
00012570.624ms: p67 enters Q1
00012587.017ms: token t62 arrives, token bucket now has 2 tokens
00012587.030ms: p67 leaves Q1, time in Q1 = 16.406ms, token bucket now has 1 token
00012587.038ms: p67 enters Q2
00012587.328ms: p67 leaves Q2, time in Q2 = 0.290ms
00012587.337ms: p67 begins service at S1, requesting 657ms of service
00012670.352ms: p68 arrives, needs 1 tokens, inter-arrival time = 99.728ms
00012670.352ms: p68 enters Q1
00012720.401ms: p69 arrives, needs 1 tokens, inter-arrival time = 50.049ms
00012720.401ms: p69 enters Q1
00012788.965ms: token t63 arrives, token bucket now has 2 tokens
00012788.983ms: p68 leaves Q1, time in Q1 = 118.631ms, token bucket now has 1 token
00012788.991ms: p68 enters Q2
00012788.992ms: p69 leaves Q1, time in Q1 = 68.591ms, token bucket now has 0 token
00012788.996ms: p69 enters Q2
00012989.927ms: token t64 arrives, token bucket now has 1 token
00012999.010ms: p70 arrives, needs 1 tokens, inter-arrival time = 278.609ms
00012999.010ms: p70 enters Q1
00013128.689ms: p66 departs from S2, service time = 936.725ms, time in system = 1117.101ms
00013128.721ms: p68 leaves Q2, time in Q2 = 339.730ms
00013128.724ms: p68 begins service at S2, requesting 167ms of service
00013128.698ms: p71 arrives, needs 1 tokens, inter-arrival time = 129.688ms
00013128.698ms: p71 enters Q1
00013150.022ms: p72 arrives, needs 9 tokens, inter-arrival time = 21.324ms, dropped
00013183.625ms: p73 arrives, needs 1 tokens, inter-arrival time = 33.603ms
00013183.625ms: p73 enters Q1
00013192.601ms: token t65 arrives, token bucket now has 2 tokens
00013192.608ms: p70 leaves Q1, time in Q1 = 193.598ms, token bucket now has 1 token
00013192.614ms: p70 enters Q2
00013192.615ms: p71 leaves Q1, time in Q1 = 63.917ms, token bucket now has 0 token
00013192.619ms: p71 enters Q2
00013249.355ms: p67 departs from S1, service time = 662.018ms, time in system = 678.731ms
00013249.378ms: p69 leaves Q2, time in Q2 = 460.382ms
00013249.381ms: p69 begins service at S1, requesting 804ms of service
00013300.096ms: p68 departs from S2, service time = 171.372ms, time in system = 629.744ms
00013300.117ms: p70 leaves Q2, time in Q2 = 107.503ms
00013300.120ms: p70 begins service at S2, requesting 66ms of service
00013367.296ms: p74 arrives, needs 1 tokens, inter-arrival time = 183.671ms
00013367.296ms: p74 enters Q1
00013368.872ms: p70 departs from S2, service time = 68.752ms, time in system = 369.862ms
00013368.884ms: p71 leaves Q2, time in Q2 = 176.265ms
00013368.887ms: p71 begins service at S2, requesting 54ms of service
00013397.614ms: token t66 arrives, token bucket now has 1 token
00013397.629ms: p73 leaves Q1, time in Q1 = 214.004ms, token bucket now has 0 token
00013397.636ms: p73 enters Q2
00013428.001ms: p71 departs from S2, service time = 59.114ms, time in system = 299.303ms
00013428.031ms: p73 leaves Q2, time in Q2 = 30.395ms
00013428.034ms: p73 begins service at S2, requesting 233ms of service
00013508.769ms: p75 arrives, needs 1 tokens, inter-arrival time = 141.473ms
00013508.769ms: p75 enters Q1
00013582.706ms: p76 arrives, needs 1 tokens, inter-arrival time = 73.937ms
00013582.706ms: p76 enters Q1
00013602.690ms: token t67 arrives, token bucket now has 1 token
00013602.703ms: p74 leaves Q1, time in Q1 = 235.407ms, token bucket now has 0 token
00013602.716ms: p74 enters Q2
00013665.571ms: p73 departs from S2, service time = 237.537ms, time in system = 481.946ms
00013665.593ms: p74 leaves Q2, time in Q2 = 62.877ms
00013665.595ms: p74 begins service at S2, requesting 225ms of service
00013765.788ms: p77 arrives, needs 1 tokens, inter-arrival time = 183.082ms
00013765.788ms: p77 enters Q1
00013807.774ms: token t68 arrives, token bucket now has 1 token
00013807.795ms: p75 leaves Q1, time in Q1 = 299.026ms, token bucket now has 0 token
00013807.803ms: p75 enters Q2
00013847.861ms: p78 arrives, needs 9 tokens, inter-arrival time = 82.073ms, dropped
00013895.783ms: p74 departs from S2, service time = 230.188ms, time in system = 528.487ms
00013895.813ms: p75 leaves Q2, time in Q2 = 88.010ms
00013895.816ms: p75 begins service at S2, requesting 80ms of service
00013968.864ms: p79 arrives, needs 1 tokens, inter-arrival time = 121.003ms
00013968.864ms: p79 enters Q1
00013980.869ms: p75 departs from S2, service time = 85.053ms, time in system = 472.100ms
00014012.347ms: token t69 arrives, token bucket now has 1 token
00014012.359ms: p76 leaves Q1, time in Q1 = 429.653ms, token bucket now has 0 token
00014012.367ms: p76 enters Q2
00014013.617ms: p76 leaves Q2, time in Q2 = 1.250ms
00014013.626ms: p76 begins service at S2, requesting 314ms of service
00014050.751ms: p80 arrives, needs 1 tokens, inter-arrival time = 81.887ms
00014050.751ms: p80 enters Q1
00014054.356ms: p69 departs from S1, service time = 804.975ms, time in system = 1333.955ms
00014217.391ms: token t70 arrives, token bucket now has 1 token
00014217.408ms: p77 leaves Q1, time in Q1 = 451.620ms, token bucket now has 0 token
00014217.417ms: p77 enters Q2
00014217.428ms: p77 leaves Q2, time in Q2 = 0.011ms
00014217.431ms: p77 begins service at S1, requesting 34ms of service
00014256.477ms: p77 departs from S1, service time = 39.046ms, time in system = 490.689ms
00014331.006ms: p76 departs from S2, service time = 317.380ms, time in system = 748.300ms
00014345.893ms: p81 arrives, needs 1 tokens, inter-arrival time = 295.142ms
00014345.893ms: p81 enters Q1
00014417.728ms: token t71 arrives, token bucket now has 1 token
00014417.740ms: p79 leaves Q1, time in Q1 = 448.876ms, token bucket now has 0 token
00014417.751ms: p79 enters Q2
00014417.930ms: p79 leaves Q2, time in Q2 = 0.179ms
00014417.936ms: p79 begins service at S1, requesting 166ms of service
00014448.935ms: p82 arrives, needs 1 tokens, inter-arrival time = 103.042ms
00014448.935ms: p82 enters Q1
00014464.339ms: p83 arrives, needs 1 tokens, inter-arrival time = 15.404ms
00014464.339ms: p83 enters Q1
00014586.994ms: p79 departs from S1, service time = 169.058ms, time in system = 618.130ms
00014618.208ms: token t72 arrives, token bucket now has 1 token
00014618.224ms: p80 leaves Q1, time in Q1 = 567.473ms, token bucket now has 0 token
00014618.234ms: p80 enters Q2
00014619.469ms: p80 leaves Q2, time in Q2 = 1.235ms
00014619.474ms: p80 begins service at S2, requesting 899ms of service
00014734.791ms: p84 arrives, needs 9 tokens, inter-arrival time = 270.452ms, dropped
00014740.902ms: p85 arrives, needs 1 tokens, inter-arrival time = 6.111ms
00014740.902ms: p85 enters Q1
00014818.861ms: token t73 arrives, token bucket now has 1 token
00014818.875ms: p81 leaves Q1, time in Q1 = 472.982ms, token bucket now has 0 token
00014818.884ms: p81 enters Q2
00014820.124ms: p81 leaves Q2, time in Q2 = 1.240ms
00014820.130ms: p81 begins service at S1, requesting 142ms of service
00014938.928ms: p86 arrives, needs 1 tokens, inter-arrival time = 198.026ms
00014938.928ms: p86 enters Q1
00014943.967ms: p87 arrives, needs 1 tokens, inter-arrival time = 5.039ms
00014943.967ms: p87 enters Q1
00014966.484ms: p81 departs from S1, service time = 146.354ms, time in system = 620.591ms
00015022.312ms: token t74 arrives, token bucket now has 1 token
00015022.327ms: p82 leaves Q1, time in Q1 = 573.392ms, token bucket now has 0 token
00015022.335ms: p82 enters Q2
00015023.550ms: p82 leaves Q2, time in Q2 = 1.215ms
00015023.555ms: p82 begins service at S1, requesting 223ms of service
00015227.389ms: token t75 arrives, token bucket now has 1 token
00015227.408ms: p83 leaves Q1, time in Q1 = 763.069ms, token bucket now has 0 token
00015227.417ms: p83 enters Q2
00015247.275ms: p82 departs from S1, service time = 223.720ms, time in system = 798.340ms
00015247.479ms: p83 leaves Q2, time in Q2 = 20.062ms
00015247.482ms: p83 begins service at S1, requesting 73ms of service
00015324.351ms: p83 departs from S1, service time = 76.869ms, time in system = 860.012ms
00015338.962ms: p88 arrives, needs 1 tokens, inter-arrival time = 394.995ms
00015338.962ms: p88 enters Q1
00015428.988ms: token t76 arrives, token bucket now has 1 token
00015429.006ms: p85 leaves Q1, time in Q1 = 688.104ms, token bucket now has 0 token
00015429.016ms: p85 enters Q2
00015429.532ms: p85 leaves Q2, time in Q2 = 0.516ms
00015429.539ms: p85 begins service at S1, requesting 536ms of service
00015519.923ms: p80 departs from S2, service time = 900.449ms, time in system = 1469.172ms
00015629.719ms: token t77 arrives, token bucket now has 1 token
00015629.737ms: p86 leaves Q1, time in Q1 = 690.809ms, token bucket now has 0 token
00015629.744ms: p86 enters Q2
00015630.917ms: p86 leaves Q2, time in Q2 = 1.173ms
00015630.924ms: p86 begins service at S2, requesting 29ms of service
00015651.100ms: p89 arrives, needs 1 tokens, inter-arrival time = 312.138ms
00015651.100ms: p89 enters Q1
00015660.320ms: p86 departs from S2, service time = 29.396ms, time in system = 721.392ms
00015832.890ms: token t78 arrives, token bucket now has 1 token
00015832.901ms: p87 leaves Q1, time in Q1 = 888.934ms, token bucket now has 0 token
00015832.909ms: p87 enters Q2
00015834.163ms: p87 leaves Q2, time in Q2 = 1.254ms
00015834.170ms: p87 begins service at S2, requesting 366ms of service
00015969.596ms: p85 departs from S1, service time = 540.057ms, time in system = 1228.694ms
00016036.599ms: token t79 arrives, token bucket now has 1 token
00016036.616ms: p88 leaves Q1, time in Q1 = 697.654ms, token bucket now has 0 token
00016036.627ms: p88 enters Q2
00016037.388ms: p88 leaves Q2, time in Q2 = 0.761ms
00016037.395ms: p88 begins service at S1, requesting 588ms of service
00016204.304ms: p87 departs from S2, service time = 370.134ms, time in system = 1260.337ms
00016213.072ms: p90 arrives, needs 1 tokens, inter-arrival time = 561.972ms
00016213.072ms: p90 enters Q1
00016240.389ms: token t80 arrives, token bucket now has 1 token
00016240.403ms: p89 leaves Q1, time in Q1 = 589.303ms, token bucket now has 0 token
00016240.411ms: p89 enters Q2
00016240.989ms: p89 leaves Q2, time in Q2 = 0.578ms
00016240.993ms: p89 begins service at S2, requesting 105ms of service
00016347.577ms: p89 departs from S2, service time = 106.584ms, time in system = 696.477ms
00016428.110ms: p91 arrives, needs 1 tokens, inter-arrival time = 215.038ms
00016428.110ms: p91 enters Q1
00016443.717ms: token t81 arrives, token bucket now has 1 token
00016443.723ms: p90 leaves Q1, time in Q1 = 230.651ms, token bucket now has 0 token
00016443.730ms: p90 enters Q2
00016444.974ms: p90 leaves Q2, time in Q2 = 1.244ms
00016444.979ms: p90 begins service at S2, requesting 828ms of service
00016463.161ms: p92 arrives, needs 1 tokens, inter-arrival time = 35.051ms
00016463.161ms: p92 enters Q1
00016494.344ms: p93 arrives, needs 1 tokens, inter-arrival time = 31.183ms
00016494.344ms: p93 enters Q1
00016519.420ms: p94 arrives, needs 1 tokens, inter-arrival time = 25.076ms
00016519.420ms: p94 enters Q1
00016629.486ms: p88 departs from S1, service time = 592.091ms, time in system = 1290.524ms
00016646.413ms: token t82 arrives, token bucket now has 1 token
00016646.430ms: p91 leaves Q1, time in Q1 = 218.320ms, token bucket now has 0 token
00016646.439ms: p91 enters Q2
00016646.448ms: p91 leaves Q2, time in Q2 = 0.009ms
00016646.453ms: p91 begins service at S1, requesting 776ms of service
00016646.614ms: p95 arrives, needs 9 tokens, inter-arrival time = 127.194ms, dropped
00016672.099ms: p96 arrives, needs 1 tokens, inter-arrival time = 25.485ms
00016672.099ms: p96 enters Q1
00016847.709ms: token t83 arrives, token bucket now has 1 token
00016847.720ms: p92 leaves Q1, time in Q1 = 384.559ms, token bucket now has 0 token
00016847.732ms: p92 enters Q2
00016857.942ms: p97 arrives, needs 1 tokens, inter-arrival time = 185.843ms
00016857.942ms: p97 enters Q1
00017050.243ms: token t84 arrives, token bucket now has 1 token
00017050.250ms: p93 leaves Q1, time in Q1 = 555.906ms, token bucket now has 0 token
00017050.253ms: p93 enters Q2
00017098.962ms: p98 arrives, needs 1 tokens, inter-arrival time = 241.020ms
00017098.962ms: p98 enters Q1
00017253.622ms: token t85 arrives, token bucket now has 1 token
00017253.640ms: p94 leaves Q1, time in Q1 = 734.220ms, token bucket now has 0 token
00017253.647ms: p94 enters Q2
00017276.161ms: p90 departs from S2, service time = 831.182ms, time in system = 1063.089ms
00017276.179ms: p92 leaves Q2, time in Q2 = 428.447ms
00017276.181ms: p92 begins service at S2, requesting 215ms of service
00017314.030ms: p99 arrives, needs 1 tokens, inter-arrival time = 215.068ms
00017314.030ms: p99 enters Q1
00017416.080ms: p100 arrives, needs 1 tokens, inter-arrival time = 102.050ms
00017416.080ms: p100 enters Q1
00017427.479ms: p91 departs from S1, service time = 781.026ms, time in system = 999.369ms
00017427.490ms: p93 leaves Q2, time in Q2 = 377.237ms
00017427.491ms: p93 begins service at S1, requesting 2ms of service
00017430.007ms: p93 departs from S1, service time = 2.516ms, time in system = 935.663ms
00017430.019ms: p94 leaves Q2, time in Q2 = 176.372ms
00017430.020ms: p94 begins service at S1, requesting 244ms of service
00017455.543ms: token t86 arrives, token bucket now has 1 token
00017455.554ms: p96 leaves Q1, time in Q1 = 783.455ms, token bucket now has 0 token
00017455.558ms: p96 enters Q2
00017494.652ms: p92 departs from S2, service time = 218.471ms, time in system = 1031.491ms
00017494.675ms: p96 leaves Q2, time in Q2 = 39.117ms
00017494.677ms: p96 begins service at S2, requesting 228ms of service
00017660.584ms: token t87 arrives, token bucket now has 1 token
00017660.597ms: p97 leaves Q1, time in Q1 = 802.655ms, token bucket now has 0 token
00017660.605ms: p97 enters Q2
00017679.051ms: p94 departs from S1, service time = 249.031ms, time in system = 1159.631ms
00017679.073ms: p97 leaves Q2, time in Q2 = 18.468ms
00017679.075ms: p97 begins service at S1, requesting 149ms of service
00017723.302ms: p96 departs from S2, service time = 228.625ms, time in system = 1051.203ms
00017832.024ms: p97 departs from S1, service time = 152.949ms, time in system = 974.082ms
00017863.700ms: token t88 arrives, token bucket now has 1 token
00017863.711ms: p98 leaves Q1, time in Q1 = 764.749ms, token bucket now has 0 token
00017863.720ms: p98 enters Q2
00017864.844ms: p98 leaves Q2, time in Q2 = 1.124ms
00017864.849ms: p98 begins service at S2, requesting 172ms of service
00018037.687ms: p98 departs from S2, service time = 172.838ms, time in system = 938.725ms
00018065.248ms: token t89 arrives, token bucket now has 1 token
00018065.264ms: p99 leaves Q1, time in Q1 = 751.234ms, token bucket now has 0 token
00018065.270ms: p99 enters Q2
00018066.499ms: p99 leaves Q2, time in Q2 = 1.229ms
00018066.504ms: p99 begins service at S2, requesting 460ms of service
00018269.088ms: token t90 arrives, token bucket now has 1 token
00018269.107ms: p100 leaves Q1, time in Q1 = 853.027ms, token bucket now has 0 token
00018269.115ms: p100 enters Q2
00018270.222ms: p100 leaves Q2, time in Q2 = 1.107ms
00018270.227ms: p100 begins service at S1, requesting 125ms of service
00018397.606ms: p100 departs from S1, service time = 127.379ms, time in system = 981.526ms
00018531.559ms: p99 departs from S2, service time = 465.055ms, time in system = 1217.529ms
00018531.669ms: emulation ends

Statistics:

	average packet inter-arrival time = 0.174161
	average packet service time = 0.313789

	average number of packets in Q1 = 1.51861
	average number of packets in Q2 = 0.579398
	average number of packets at S1 = 0.702119
	average number of packets at S2 = 0.771016

	average time a packet spent in system = 0.760699
	standard deviation for time spent in system = 0.365651

	token drop probability = 0.0333333
	packet drop probability = 0.13
