Emulation Parameters:
    number to arrive = 8
    lambda = 3.333
    mu = 0.5
    r = 3
    B = 7
    P = 5
00000000.000ms: emulation begins
00000310.170ms: p1 arrives, needs 5 tokens, inter-arrival time = 310.170ms
00000310.170ms: p1 enters Q1
00000334.658ms: token t1 arrives, token bucket now has 1 token
00000619.938ms: p2 arrives, needs 5 tokens, inter-arrival time = 309.768ms
00000619.938ms: p2 enters Q1
00000673.686ms: token t2 arrives, token bucket now has 2 tokens
00000930.021ms: p3 arrives, needs 5 tokens, inter-arrival time = 310.083ms
00000930.021ms: p3 enters Q1
00001015.985ms: token t3 arrives, token bucket now has 3 tokens
00001237.820ms: p4 arrives, needs 5 tokens, inter-arrival time = 307.799ms
00001237.820ms: p4 enters Q1
00001358.916ms: token t4 arrives, token bucket now has 4 tokens
00001545.393ms: p5 arrives, needs 5 tokens, inter-arrival time = 307.573ms
00001545.393ms: p5 enters Q1
00001702.270ms: token t5 arrives, token bucket now has 5 tokens
00001702.288ms: p1 leaves Q1, time in Q1 = 1392.118ms, token bucket now has 0 token
00001702.299ms: p1 enters Q2
00001703.416ms: p1 leaves Q2, time in Q2 = 1.117ms
00001703.496ms: p1 begins service at S1, requesting 2000ms of service
00001849.404ms: p6 arrives, needs 5 tokens, inter-arrival time = 304.011ms
00001849.404ms: p6 enters Q1
00002045.262ms: token t6 arrives, token bucket now has 1 token
00002157.503ms: p7 arrives, needs 5 tokens, inter-arrival time = 308.099ms
00002157.503ms: p7 enters Q1
00002381.474ms: token t7 arrives, token bucket now has 2 tokens
00002457.928ms: p8 arrives, needs 5 tokens, inter-arrival time = 300.425ms
00002457.928ms: p8 enters Q1
00002716.472ms: token t8 arrives, token bucket now has 3 tokens
00003057.211ms: token t9 arrives, token bucket now has 4 tokens
00003395.220ms: token t10 arrives, token bucket now has 5 tokens
00003395.237ms: p2 leaves Q1, time in Q1 = 2775.299ms, token bucket now has 0 token
00003395.249ms: p2 enters Q2
00003396.730ms: p2 leaves Q2, time in Q2 = 1.481ms
00003396.739ms: p2 begins service at S2, requesting 2000ms of service
00003704.349ms: p1 departs from S1, service time = 2000.853ms, time in system = 3394.179ms
00003737.755ms: token t11 arrives, token bucket now has 1 token
00004079.135ms: token t12 arrives, token bucket now has 2 tokens
00004416.529ms: token t13 arrives, token bucket now has 3 tokens
00004757.521ms: token t14 arrives, token bucket now has 4 tokens
00005097.873ms: token t15 arrives, token bucket now has 5 tokens
00005097.895ms: p3 leaves Q1, time in Q1 = 4167.874ms, token bucket now has 0 token
00005097.903ms: p3 enters Q2
00005099.379ms: p3 leaves Q2, time in Q2 = 1.476ms
00005099.385ms: p3 begins service at S1, requesting 2000ms of service
00005406.738ms: p2 departs from S2, service time = 2009.999ms, time in system = 4786.800ms
00005434.999ms: token t16 arrives, token bucket now has 1 token
00005774.133ms: token t17 arrives, token bucket now has 2 tokens
00006109.462ms: token t18 arrives, token bucket now has 3 tokens
00006452.641ms: token t19 arrives, token bucket now has 4 tokens
00006788.946ms: token t20 arrives, token bucket now has 5 tokens
00006788.965ms: p4 leaves Q1, time in Q1 = 5551.145ms, token bucket now has 0 token
00006788.974ms: p4 enters Q2
00006788.980ms: p4 leaves Q2, time in Q2 = 0.006ms
00006788.986ms: p4 begins service at S2, requesting 2000ms of service
00007108.012ms: p3 departs from S1, service time = 2008.627ms, time in system = 6177.991ms
00007125.815ms: token t21 arrives, token bucket now has 1 token
00007462.037ms: token t22 arrives, token bucket now has 2 tokens
00007797.356ms: token t23 arrives, token bucket now has 3 tokens
00008137.119ms: token t24 arrives, token bucket now has 4 tokens
00008472.788ms: token t25 arrives, token bucket now has 5 tokens
00008472.808ms: p5 leaves Q1, time in Q1 = 6927.415ms, token bucket now has 0 token
00008472.817ms: p5 enters Q2
00008473.648ms: p5 leaves Q2, time in Q2 = 0.831ms
00008473.656ms: p5 begins service at S1, requesting 2000ms of service
00008794.806ms: p4 departs from S2, service time = 2005.820ms, time in system = 7556.986ms
00008812.678ms: token t26 arrives, token bucket now has 1 token
00009149.714ms: token t27 arrives, token bucket now has 2 tokens
00009490.928ms: token t28 arrives, token bucket now has 3 tokens
00009824.546ms: token t29 arrives, token bucket now has 4 tokens
00010167.061ms: token t30 arrives, token bucket now has 5 tokens
00010167.076ms: p6 leaves Q1, time in Q1 = 8317.672ms, token bucket now has 0 token
00010167.083ms: p6 enters Q2
00010168.019ms: p6 leaves Q2, time in Q2 = 0.936ms
00010168.028ms: p6 begins service at S2, requesting 2000ms of service
00010478.824ms: p5 departs from S1, service time = 2005.168ms, time in system = 8933.431ms
00010510.435ms: token t31 arrives, token bucket now has 1 token
00010851.266ms: token t32 arrives, token bucket now has 2 tokens
00011193.310ms: token t33 arrives, token bucket now has 3 tokens
00011532.074ms: token t34 arrives, token bucket now has 4 tokens
00011874.859ms: token t35 arrives, token bucket now has 5 tokens
00011874.882ms: p7 leaves Q1, time in Q1 = 9717.379ms, token bucket now has 0 token
00011874.890ms: p7 enters Q2
00011876.104ms: p7 leaves Q2, time in Q2 = 1.214ms
00011876.133ms: p7 begins service at S1, requesting 2000ms of service
00012174.429ms: p6 departs from S2, service time = 2006.401ms, time in system = 10325.025ms
00012209.801ms: token t36 arrives, token bucket now has 1 token
00012547.157ms: token t37 arrives, token bucket now has 2 tokens
00012881.351ms: token t38 arrives, token bucket now has 3 tokens
00013221.634ms: token t39 arrives, token bucket now has 4 tokens
00013559.181ms: token t40 arrives, token bucket now has 5 tokens
00013559.195ms: p8 leaves Q1, time in Q1 = 11101.267ms, token bucket now has 0 token
00013559.202ms: p8 enters Q2
00013560.331ms: p8 leaves Q2, time in Q2 = 1.129ms
00013560.336ms: p8 begins service at S2, requesting 2000ms of service
00013886.149ms: p7 departs from S1, service time = 2010.016ms, time in system = 11728.646ms
00015569.772ms: p8 departs from S2, service time = 2009.436ms, time in system = 13111.844ms
00015569.868ms: emulation ends

Statistics:
	average packet inter-arrival time = 0.307241
	average packet service time = 2.00704
	average number of packets in Q1 = 3.20813
	average number of packets in Q2 = 0.000526016
	average number of packets at S1 = 0.515397
	average number of packets at S2 = 0.515846
	average time a packet spent in system = 8.25186
	standard deviation for time spent in system = 3.17918
	token drop probability = 0
	packet drop probability = 0
